<?xml version="1.0" encoding="UTF-8"?>
<coverage generated="1567884783334" clover="3.2.0">
  <project timestamp="1567884783335" name="All files">
    <metrics statements="19" coveredstatements="18" conditionals="18" coveredconditionals="17" methods="2" coveredmethods="2" elements="39" coveredelements="37" complexity="0" loc="19" ncloc="19" packages="1" files="1" classes="1"/>
    <file name="index.js" path="/home/locke/Desktop/projects/frontend-project-lvl2/src/index.js">
      <metrics statements="19" coveredstatements="18" conditionals="18" coveredconditionals="17" methods="2" coveredmethods="2"/>
      <line num="4" count="1" type="stmt"/>
      <line num="5" count="1" type="stmt"/>
      <line num="7" count="1" type="stmt"/>
      <line num="8" count="1" type="stmt"/>
      <line num="9" count="1" type="stmt"/>
      <line num="11" count="1" type="stmt"/>
      <line num="12" count="1" type="stmt"/>
      <line num="14" count="1" type="stmt"/>
      <line num="16" count="1" type="stmt"/>
      <line num="17" count="5" type="cond" truecount="5" falsecount="0"/>
      <line num="18" count="1" type="stmt"/>
      <line num="20" count="4" type="cond" truecount="5" falsecount="0"/>
      <line num="21" count="1" type="stmt"/>
      <line num="23" count="3" type="cond" truecount="4" falsecount="0"/>
      <line num="24" count="2" type="stmt"/>
      <line num="26" count="1" type="cond" truecount="3" falsecount="1"/>
      <line num="27" count="1" type="stmt"/>
      <line num="30" count="0" type="stmt"/>
      <line num="33" count="1" type="stmt"/>
    </file>
  </project>
</coverage>
