<?xml version="1.0" encoding="UTF-8"?>
<coverage generated="1614258044529" clover="3.2.0">
  <project timestamp="1614258044529" name="All files">
    <metrics statements="67" coveredstatements="67" conditionals="21" coveredconditionals="20" methods="28" coveredmethods="28" elements="116" coveredelements="115" complexity="0" loc="67" ncloc="67" packages="3" files="6" classes="6"/>
    <package name="src">
      <metrics statements="23" coveredstatements="23" conditionals="14" coveredconditionals="14" methods="4" coveredmethods="4"/>
      <file name="index.js" path="/home/locke/Desktop/projects/frontend-project-lvl2/src/index.js">
        <metrics statements="23" coveredstatements="23" conditionals="14" coveredconditionals="14" methods="4" coveredmethods="4"/>
        <line num="7" count="1" type="stmt"/>
        <line num="8" count="18" type="stmt"/>
        <line num="9" count="18" type="stmt"/>
        <line num="10" count="18" type="stmt"/>
        <line num="12" count="18" type="stmt"/>
        <line num="15" count="1" type="stmt"/>
        <line num="16" count="36" type="stmt"/>
        <line num="18" count="36" type="stmt"/>
        <line num="19" count="144" type="stmt"/>
        <line num="20" count="144" type="stmt"/>
        <line num="22" count="144" type="cond" truecount="4" falsecount="0"/>
        <line num="23" count="27" type="stmt"/>
        <line num="25" count="117" type="cond" truecount="4" falsecount="0"/>
        <line num="26" count="18" type="stmt"/>
        <line num="28" count="99" type="cond" truecount="4" falsecount="0"/>
        <line num="29" count="45" type="stmt"/>
        <line num="31" count="54" type="cond" truecount="2" falsecount="0"/>
        <line num="32" count="27" type="stmt"/>
        <line num="35" count="27" type="stmt"/>
        <line num="45" count="9" type="stmt"/>
        <line num="46" count="9" type="stmt"/>
        <line num="47" count="9" type="stmt"/>
        <line num="49" count="9" type="stmt"/>
      </file>
    </package>
    <package name="src.formatters">
      <metrics statements="42" coveredstatements="42" conditionals="7" coveredconditionals="6" methods="23" coveredmethods="23"/>
      <file name="index.js" path="/home/locke/Desktop/projects/frontend-project-lvl2/src/formatters/index.js">
        <metrics statements="2" coveredstatements="2" conditionals="0" coveredconditionals="0" methods="1" coveredmethods="1"/>
        <line num="5" count="1" type="stmt"/>
        <line num="11" count="9" type="stmt"/>
      </file>
      <file name="jsonRender.js" path="/home/locke/Desktop/projects/frontend-project-lvl2/src/formatters/jsonRender.js">
        <metrics statements="1" coveredstatements="1" conditionals="0" coveredconditionals="0" methods="1" coveredmethods="1"/>
        <line num="1" count="3" type="stmt"/>
      </file>
      <file name="plainRender.js" path="/home/locke/Desktop/projects/frontend-project-lvl2/src/formatters/plainRender.js">
        <metrics statements="20" coveredstatements="20" conditionals="5" coveredconditionals="4" methods="11" coveredmethods="11"/>
        <line num="3" count="1" type="stmt"/>
        <line num="4" count="33" type="cond" truecount="2" falsecount="0"/>
        <line num="5" count="15" type="stmt"/>
        <line num="7" count="18" type="cond" truecount="2" falsecount="0"/>
        <line num="8" count="12" type="stmt"/>
        <line num="11" count="6" type="stmt"/>
        <line num="14" count="144" type="stmt"/>
        <line num="16" count="48" type="stmt"/>
        <line num="18" count="1" type="cond" truecount="0" falsecount="1"/>
        <line num="19" count="12" type="stmt"/>
        <line num="25" count="48" type="stmt"/>
        <line num="27" count="48" type="stmt"/>
        <line num="28" count="9" type="stmt"/>
        <line num="29" count="9" type="stmt"/>
        <line num="30" count="15" type="stmt"/>
        <line num="31" count="6" type="stmt"/>
        <line num="32" count="9" type="stmt"/>
        <line num="35" count="48" type="stmt"/>
        <line num="38" count="12" type="stmt"/>
        <line num="41" count="3" type="stmt"/>
      </file>
      <file name="prettyRender.js" path="/home/locke/Desktop/projects/frontend-project-lvl2/src/formatters/prettyRender.js">
        <metrics statements="19" coveredstatements="19" conditionals="2" coveredconditionals="2" methods="10" coveredmethods="10"/>
        <line num="3" count="1" type="stmt"/>
        <line num="4" count="1" type="stmt"/>
        <line num="6" count="1" type="stmt"/>
        <line num="7" count="48" type="cond" truecount="2" falsecount="0"/>
        <line num="8" count="33" type="stmt"/>
        <line num="11" count="15" type="stmt"/>
        <line num="12" count="15" type="stmt"/>
        <line num="15" count="1" type="stmt"/>
        <line num="16" count="12" type="stmt"/>
        <line num="22" count="48" type="stmt"/>
        <line num="24" count="48" type="stmt"/>
        <line num="25" count="9" type="stmt"/>
        <line num="26" count="9" type="stmt"/>
        <line num="27" count="24" type="stmt"/>
        <line num="28" count="15" type="stmt"/>
        <line num="29" count="9" type="stmt"/>
        <line num="32" count="48" type="stmt"/>
        <line num="35" count="12" type="stmt"/>
        <line num="38" count="3" type="stmt"/>
      </file>
    </package>
    <package name="src.parsers">
      <metrics statements="2" coveredstatements="2" conditionals="0" coveredconditionals="0" methods="1" coveredmethods="1"/>
      <file name="index.js" path="/home/locke/Desktop/projects/frontend-project-lvl2/src/parsers/index.js">
        <metrics statements="2" coveredstatements="2" conditionals="0" coveredconditionals="0" methods="1" coveredmethods="1"/>
        <line num="4" count="1" type="stmt"/>
        <line num="10" count="18" type="stmt"/>
      </file>
    </package>
  </project>
</coverage>
