TN:
SF:/home/locke/Desktop/projects/frontend-project-lvl2/src/index.js
FN:7,(anonymous_0)
FN:15,(anonymous_1)
FN:18,(anonymous_2)
FN:44,(anonymous_3)
FNF:4
FNH:4
FNDA:18,(anonymous_0)
FNDA:36,(anonymous_1)
FNDA:144,(anonymous_2)
FNDA:9,(anonymous_3)
DA:7,1
DA:8,18
DA:9,18
DA:10,18
DA:12,18
DA:15,1
DA:16,36
DA:18,36
DA:19,144
DA:20,144
DA:22,144
DA:23,27
DA:25,117
DA:26,18
DA:28,99
DA:29,45
DA:31,54
DA:32,27
DA:35,27
DA:45,9
DA:46,9
DA:47,9
DA:49,9
LF:23
LH:23
BRDA:22,0,0,27
BRDA:22,0,1,117
BRDA:22,1,0,144
BRDA:22,1,1,45
BRDA:25,2,0,18
BRDA:25,2,1,99
BRDA:25,3,0,117
BRDA:25,3,1,72
BRDA:28,4,0,45
BRDA:28,4,1,54
BRDA:28,5,0,99
BRDA:28,5,1,45
BRDA:31,6,0,27
BRDA:31,6,1,27
BRF:14
BRH:14
end_of_record
TN:
SF:/home/locke/Desktop/projects/frontend-project-lvl2/src/formatters/index.js
FN:11,(anonymous_0)
FNF:1
FNH:1
FNDA:9,(anonymous_0)
DA:5,1
DA:11,9
LF:2
LH:2
BRF:0
BRH:0
end_of_record
TN:
SF:/home/locke/Desktop/projects/frontend-project-lvl2/src/formatters/jsonRender.js
FN:1,(anonymous_0)
FNF:1
FNH:1
FNDA:3,(anonymous_0)
DA:1,3
LF:1
LH:1
BRF:0
BRH:0
end_of_record
TN:
SF:/home/locke/Desktop/projects/frontend-project-lvl2/src/formatters/plainRender.js
FN:3,(anonymous_0)
FN:14,(anonymous_1)
FN:16,(anonymous_2)
FN:18,(anonymous_3)
FN:19,(anonymous_4)
FN:28,(anonymous_5)
FN:29,(anonymous_6)
FN:30,(anonymous_7)
FN:31,(anonymous_8)
FN:32,(anonymous_9)
FN:41,(anonymous_10)
FNF:11
FNH:11
FNDA:33,(anonymous_0)
FNDA:144,(anonymous_1)
FNDA:48,(anonymous_2)
FNDA:12,(anonymous_3)
FNDA:48,(anonymous_4)
FNDA:9,(anonymous_5)
FNDA:9,(anonymous_6)
FNDA:15,(anonymous_7)
FNDA:6,(anonymous_8)
FNDA:9,(anonymous_9)
FNDA:3,(anonymous_10)
DA:3,1
DA:4,33
DA:5,15
DA:7,18
DA:8,12
DA:11,6
DA:14,144
DA:16,48
DA:18,1
DA:19,12
DA:25,48
DA:27,48
DA:28,9
DA:29,9
DA:30,15
DA:31,6
DA:32,9
DA:35,48
DA:38,12
DA:41,3
LF:20
LH:20
BRDA:4,0,0,15
BRDA:4,0,1,18
BRDA:7,1,0,12
BRDA:7,1,1,6
BRDA:18,2,0,0
BRF:5
BRH:4
end_of_record
TN:
SF:/home/locke/Desktop/projects/frontend-project-lvl2/src/formatters/prettyRender.js
FN:6,(anonymous_0)
FN:11,(anonymous_1)
FN:15,(anonymous_2)
FN:16,(anonymous_3)
FN:25,(anonymous_4)
FN:26,(anonymous_5)
FN:27,(anonymous_6)
FN:28,(anonymous_7)
FN:29,(anonymous_8)
FN:38,(anonymous_9)
FNF:10
FNH:10
FNDA:48,(anonymous_0)
FNDA:15,(anonymous_1)
FNDA:12,(anonymous_2)
FNDA:48,(anonymous_3)
FNDA:9,(anonymous_4)
FNDA:9,(anonymous_5)
FNDA:24,(anonymous_6)
FNDA:15,(anonymous_7)
FNDA:9,(anonymous_8)
FNDA:3,(anonymous_9)
DA:3,1
DA:4,1
DA:6,1
DA:7,48
DA:8,33
DA:11,15
DA:12,15
DA:15,1
DA:16,12
DA:22,48
DA:24,48
DA:25,9
DA:26,9
DA:27,24
DA:28,15
DA:29,9
DA:32,48
DA:35,12
DA:38,3
LF:19
LH:19
BRDA:7,0,0,33
BRDA:7,0,1,15
BRF:2
BRH:2
end_of_record
TN:
SF:/home/locke/Desktop/projects/frontend-project-lvl2/src/parsers/index.js
FN:10,(anonymous_0)
FNF:1
FNH:1
FNDA:18,(anonymous_0)
DA:4,1
DA:10,18
LF:2
LH:2
BRF:0
BRH:0
end_of_record
