TN:
SF:/home/locke/Desktop/projects/frontend-project-lvl2/src/index.js
FN:7,(anonymous_0)
FN:16,(anonymous_1)
FNF:2
FNH:2
FNDA:1,(anonymous_0)
FNDA:5,(anonymous_1)
DA:4,1
DA:5,1
DA:7,1
DA:8,1
DA:9,1
DA:11,1
DA:12,1
DA:14,1
DA:16,1
DA:17,5
DA:18,1
DA:20,4
DA:21,1
DA:23,3
DA:24,2
DA:26,1
DA:27,1
DA:30,0
DA:33,1
LF:19
LH:18
BRDA:17,0,0,1
BRDA:17,0,1,4
BRDA:17,1,0,5
BRDA:17,1,1,4
BRDA:17,1,2,2
BRDA:20,2,0,1
BRDA:20,2,1,3
BRDA:20,3,0,4
BRDA:20,3,1,3
BRDA:20,3,2,1
BRDA:23,4,0,2
BRDA:23,4,1,1
BRDA:23,5,0,3
BRDA:23,5,1,2
BRDA:26,6,0,1
BRDA:26,6,1,0
BRDA:26,7,0,1
BRDA:26,7,1,1
BRF:18
BRH:17
end_of_record
